<?xml version="1.0" encoding="UTF-8"?>
<testng-results ignored="0" total="2" passed="2" failed="0" skipped="0">
  <reporter-output>
  </reporter-output>
  <suite started-at="2023-10-11T07:46:08 PDT" name="Suite" finished-at="2023-10-11T07:47:04 PDT" duration-ms="55819">
    <groups>
    </groups>
    <test started-at="2023-10-11T07:46:08 PDT" name="Test" finished-at="2023-10-11T07:47:04 PDT" duration-ms="55819">
      <class name="Demo.FourTest">
        <test-method signature="mFour()[pri:0, instance:Demo.FourTest@41fbdac4]" started-at="2023-10-11T07:46:08 PDT" name="mFour" finished-at="2023-10-11T07:46:08 PDT" duration-ms="11" status="PASS">
          <reporter-output>
          </reporter-output>
        </test-method> <!-- mFour -->
      </class> <!-- Demo.FourTest -->
      <class name="Demo.OneTest">
        <test-method signature="mOne()[pri:0, instance:Demo.OneTest@50eac852]" started-at="2023-10-11T07:46:08 PDT" name="mOne" finished-at="2023-10-11T07:47:03 PDT" duration-ms="55272" status="PASS">
          <reporter-output>
          </reporter-output>
        </test-method> <!-- mOne -->
        <test-method is-config="true" signature="closre()[pri:0, instance:Demo.OneTest@50eac852]" started-at="2023-10-11T07:47:03 PDT" name="closre" finished-at="2023-10-11T07:47:04 PDT" duration-ms="453" status="PASS">
          <reporter-output>
          </reporter-output>
        </test-method> <!-- closre -->
      </class> <!-- Demo.OneTest -->
    </test> <!-- Test -->
  </suite> <!-- Suite -->
</testng-results>
